2026-03-07 15:53:44,070 | INFO | ========== FINETUNING STARTED ==========
2026-03-07 15:53:44,070 | INFO | Loading dataset...
2026-03-07 15:53:45,730 | INFO | Loaded 333087 samples
2026-03-07 15:53:45,730 | INFO | Splitting dataset (95/5)...
2026-03-07 15:53:46,749 | INFO | Train samples: 316432
2026-03-07 15:53:46,749 | INFO | Validation samples: 16655
2026-03-07 15:53:46,787 | INFO | Building training configuration...
2026-03-07 15:53:46,829 | INFO | Configuration ready
2026-03-07 15:53:46,829 | INFO | Initializing trainer...
2026-03-07 15:53:46,945 | INFO | Experiment directory: /home/chandan/ASRProject/models/orthographic_finetune_nemo/ASR-Adapter/2026-03-07_15-53-46
2026-03-07 15:53:46,945 | INFO | Loading pretrained model...
2026-03-07 15:54:01,891 | INFO | Model loaded successfully
2026-03-07 15:54:01,891 | INFO | Configuring adapters...
2026-03-07 15:54:15,264 | INFO | Total parameters: 621,020,806
2026-03-07 15:54:15,264 | INFO | Trainable parameters: 3,194,880 (0.51%)
2026-03-07 15:54:15,264 | INFO | Starting training...
2026-03-07 16:22:36,631 | INFO | ========== FINETUNING STARTED ==========
2026-03-07 16:22:36,632 | INFO | Loading dataset...
2026-03-07 16:22:38,391 | INFO | Loaded 333087 samples
2026-03-07 16:22:38,391 | INFO | Splitting dataset (95/5)...
2026-03-07 16:22:39,543 | INFO | Train samples: 316432
2026-03-07 16:22:39,543 | INFO | Validation samples: 16655
2026-03-07 16:22:39,582 | INFO | Building training configuration...
2026-03-07 16:22:39,625 | INFO | Configuration ready
2026-03-07 16:22:39,625 | INFO | Initializing trainer...
2026-03-07 16:22:39,747 | INFO | Experiment directory: /home/chandan/ASRProject/models/orthographic_finetune_nemo/ASR-Adapter/2026-03-07_16-22-39
2026-03-07 16:22:39,747 | INFO | Loading pretrained model...
2026-03-07 16:23:02,245 | INFO | Model loaded successfully
2026-03-07 16:23:02,245 | INFO | Configuring adapters...
2026-03-07 16:23:12,646 | INFO | Total parameters: 621,020,806
2026-03-07 16:23:12,647 | INFO | Trainable parameters: 3,194,880 (0.51%)
2026-03-07 16:23:12,647 | INFO | Starting training...
2026-03-07 16:24:14,886 | INFO | ========== FINETUNING STARTED ==========
2026-03-07 16:24:14,886 | INFO | Loading dataset...
2026-03-07 16:24:17,118 | INFO | Loaded 333087 samples
2026-03-07 16:24:17,119 | INFO | Splitting dataset (95/5)...
2026-03-07 16:24:18,204 | INFO | Train samples: 316432
2026-03-07 16:24:18,204 | INFO | Validation samples: 16655
2026-03-07 16:24:18,246 | INFO | Building training configuration...
2026-03-07 16:24:18,293 | INFO | Configuration ready
2026-03-07 16:24:18,293 | INFO | Initializing trainer...
2026-03-07 16:24:18,496 | INFO | Experiment directory: /home/chandan/ASRProject/models/orthographic_finetune_nemo/ASR-Adapter/2026-03-07_16-24-18
2026-03-07 16:24:18,496 | INFO | Loading pretrained model...
2026-03-07 16:24:44,752 | INFO | Model loaded successfully
2026-03-07 16:24:44,752 | INFO | Configuring adapters...
2026-03-07 16:24:55,128 | INFO | Total parameters: 621,020,806
2026-03-07 16:24:55,128 | INFO | Trainable parameters: 3,194,880 (0.51%)
2026-03-07 16:24:55,128 | INFO | Starting training...
2026-03-07 16:27:32,383 | INFO | ========== FINETUNING STARTED ==========
2026-03-07 16:27:32,383 | INFO | Loading dataset...
2026-03-07 16:27:34,078 | INFO | Loaded 333087 samples
2026-03-07 16:27:34,079 | INFO | Splitting dataset (95/5)...
2026-03-07 16:27:36,105 | INFO | Train samples: 316432
2026-03-07 16:27:36,105 | INFO | Validation samples: 16655
2026-03-07 16:27:36,168 | INFO | Building training configuration...
2026-03-07 16:27:36,212 | INFO | Configuration ready
2026-03-07 16:27:36,213 | INFO | Initializing trainer...
2026-03-07 16:27:36,329 | INFO | Experiment directory: /home/chandan/ASRProject/models/orthographic_finetune_nemo/ASR-Adapter/2026-03-07_16-27-36
2026-03-07 16:27:36,330 | INFO | Loading pretrained model...
2026-03-07 16:27:50,745 | INFO | Model loaded successfully
2026-03-07 16:27:50,745 | INFO | Configuring adapters...
2026-03-07 16:28:00,901 | INFO | Total parameters: 619,447,942
2026-03-07 16:28:00,901 | INFO | Trainable parameters: 1,622,016 (0.26%)
2026-03-07 16:28:00,901 | INFO | Starting training...
2026-03-07 16:47:59,765 | INFO | ========== FINETUNING STARTED ==========
2026-03-07 16:47:59,765 | INFO | Loading dataset...
2026-03-07 16:48:01,534 | INFO | Loaded 333087 samples
2026-03-07 16:48:01,534 | INFO | Splitting dataset (95/5)...
2026-03-07 16:48:02,604 | INFO | Train samples: 316432
2026-03-07 16:48:02,605 | INFO | Validation samples: 16655
2026-03-07 16:48:02,646 | INFO | Building training configuration...
2026-03-07 16:48:02,688 | INFO | Configuration ready
2026-03-07 16:48:02,688 | INFO | Initializing trainer...
2026-03-07 16:48:02,820 | INFO | Experiment directory: /home/chandan/ASRProject/models/orthographic_finetune_nemo/ASR-Adapter/2026-03-07_16-48-02
2026-03-07 16:48:02,820 | INFO | Loading pretrained model...
2026-03-07 16:48:23,817 | INFO | Model loaded successfully
2026-03-07 16:48:23,817 | INFO | Configuring adapters...
2026-03-07 16:48:34,153 | INFO | Total parameters: 619,447,942
2026-03-07 16:48:34,154 | INFO | Trainable parameters: 1,622,016 (0.26%)
2026-03-07 16:48:34,154 | INFO | Starting training...
2026-03-07 18:33:49,119 | INFO | ========== FINETUNING STARTED ==========
2026-03-07 18:33:49,120 | INFO | Loading dataset...
2026-03-07 18:33:50,868 | INFO | Loaded 333087 samples
2026-03-07 18:33:50,868 | INFO | Splitting dataset (95/5)...
2026-03-07 18:33:51,907 | INFO | Train samples: 316432
2026-03-07 18:33:51,907 | INFO | Validation samples: 16655
2026-03-07 18:33:51,948 | INFO | Building training configuration...
2026-03-07 18:33:51,992 | INFO | Configuration ready
2026-03-07 18:33:51,992 | INFO | Initializing trainer...
2026-03-07 18:33:52,124 | INFO | Experiment directory: /home/chandan/ASRProject/models/orthographic_finetune_nemo/ASR-Adapter/2026-03-07_18-33-52
2026-03-07 18:33:52,124 | INFO | Loading pretrained model...
2026-03-07 18:34:14,272 | INFO | Model loaded successfully
2026-03-07 18:34:14,272 | INFO | Configuring adapters...
2026-03-07 18:34:24,451 | INFO | Total parameters: 619,447,942
2026-03-07 18:34:24,452 | INFO | Trainable parameters: 1,622,016 (0.26%)
2026-03-07 18:34:24,452 | INFO | Starting training...
2026-03-07 18:42:05,079 | INFO | ========== FINETUNING STARTED ==========
2026-03-07 18:42:05,079 | INFO | Loading dataset...
2026-03-07 18:42:06,944 | INFO | Loaded 330967 samples
2026-03-07 18:42:06,944 | INFO | Splitting dataset (95/5)...
2026-03-07 18:42:07,812 | INFO | Train samples: 314418
2026-03-07 18:42:07,812 | INFO | Validation samples: 16549
2026-03-07 18:42:07,850 | INFO | Building training configuration...
2026-03-07 18:42:07,894 | INFO | Configuration ready
2026-03-07 18:42:07,894 | INFO | Initializing trainer...
2026-03-07 18:42:08,016 | INFO | Experiment directory: /home/chandan/ASRProject/models/orthographic_finetune_nemo/ASR-Adapter/2026-03-07_18-42-07
2026-03-07 18:42:08,016 | INFO | Loading pretrained model...
2026-03-07 18:42:22,412 | INFO | Model loaded successfully
2026-03-07 18:42:22,412 | INFO | Configuring adapters...
2026-03-07 18:42:32,398 | INFO | Total parameters: 619,447,942
2026-03-07 18:42:32,398 | INFO | Trainable parameters: 1,622,016 (0.26%)
2026-03-07 18:42:32,398 | INFO | Starting training...
2026-03-08 00:12:20,686 | INFO | Training finished
2026-03-08 00:12:20,687 | INFO | Starting evaluation...
2026-03-08 00:12:20,687 | INFO | Loading checkpoint: /home/chandan/ASRProject/models/orthographic_finetune_nemo/ASR-Adapter/2026-03-07_18-42-07/checkpoints/ASR-Adapter.nemo
2026-03-08 00:12:38,688 | INFO | Running inference on 16549 files
2026-03-08 00:21:18,209 | INFO | Validation WER: 0.1455
2026-03-08 00:21:18,210 | INFO | Sample predictions:
2026-03-08 00:21:18,210 | INFO | REF:  weird
2026-03-08 00:21:18,210 | INFO | PRED: weird
2026-03-08 00:21:18,210 | INFO | REF:  um not really
2026-03-08 00:21:18,210 | INFO | PRED: um but not really
2026-03-08 00:21:18,210 | INFO | REF:  weird
2026-03-08 00:21:18,210 | INFO | PRED: weird
2026-03-08 00:21:18,210 | INFO | REF:  grass
2026-03-08 00:21:18,210 | INFO | PRED: grass
2026-03-08 00:21:18,210 | INFO | REF:  slide
2026-03-08 00:21:18,210 | INFO | PRED: slide
2026-03-08 00:21:18,233 | INFO | ========== FINETUNING COMPLETE ==========
