nohup: ignoring input
[NeMo W 2026-03-28 20:19:33 <frozen importlib:241] Megatron num_microbatches_calculator not found, using Apex version.
OneLogger: Setting error_handling_strategy to DISABLE_QUIETLY_AND_REPORT_METRIC_ERROR for rank (rank=0) with OneLogger disabled. To override: explicitly set error_handling_strategy parameter.
No exporters were provided. This means that no telemetry data will be collected.
2026-03-28 20:19:35,988 | INFO | ========== FINETUNING STARTED ==========
2026-03-28 20:19:35,988 | INFO | Loading dataset...
2026-03-28 20:19:36,842 | INFO | Loaded 145384 samples
2026-03-28 20:19:36,842 | INFO | Splitting dataset (95/5)...
2026-03-28 20:19:37,310 | INFO | Train samples: 138114
2026-03-28 20:19:37,311 | INFO | Validation samples: 7270
2026-03-28 20:19:37,331 | INFO | Building training configuration...
2026-03-28 20:19:37,374 | INFO | Configuration ready
2026-03-28 20:19:37,374 | INFO | Initializing trainer...
Using bfloat16 Automatic Mixed Precision (AMP)
GPU available: True (cuda), used: True
TPU available: False, using: 0 TPU cores
HPU available: False, using: 0 HPUs
[NeMo I 2026-03-28 20:19:37 finetune:175] ExpManager schema
[NeMo I 2026-03-28 20:19:37 finetune:175] {'explicit_log_dir': None, 'exp_dir': None, 'name': None, 'version': None, 'use_datetime_version': True, 'resume_if_exists': False, 'resume_past_end': False, 'resume_ignore_no_checkpoint': False, 'resume_from_checkpoint': None, 'create_tensorboard_logger': True, 'summary_writer_kwargs': None, 'create_wandb_logger': False, 'wandb_logger_kwargs': None, 'create_mlflow_logger': False, 'mlflow_logger_kwargs': {'experiment_name': None, 'run_name': None, 'tracking_uri': None, 'tags': None, 'save_dir': './mlruns', 'prefix': '', 'artifact_location': None, 'run_id': None, 'log_model': False}, 'create_dllogger_logger': False, 'dllogger_logger_kwargs': {'verbose': False, 'stdout': False, 'json_file': './dllogger.json'}, 'create_clearml_logger': False, 'clearml_logger_kwargs': {'project': None, 'task': None, 'connect_pytorch': False, 'model_name': None, 'tags': None, 'log_model': False, 'log_cfg': False, 'log_metrics': False}, 'create_neptune_logger': False, 'neptune_logger_kwargs': None, 'create_checkpoint_callback': True, 'checkpoint_callback_params': {'filepath': None, 'dirpath': None, 'filename': None, 'monitor': 'val_loss', 'verbose': True, 'save_last': True, 'save_top_k': 3, 'save_weights_only': False, 'mode': 'min', 'auto_insert_metric_name': True, 'every_n_epochs': 1, 'every_n_train_steps': None, 'train_time_interval': None, 'prefix': None, 'postfix': '.nemo', 'save_best_model': False, 'always_save_nemo': False, 'save_nemo_on_train_end': True, 'model_parallel_size': None, 'save_on_train_epoch_end': False, 'async_save': False, 'save_last_n_optim_states': -1}, 'create_early_stopping_callback': False, 'create_ipl_epoch_stopper_callback': False, 'early_stopping_callback_params': {'monitor': 'val_loss', 'mode': 'min', 'min_delta': 0.001, 'patience': 10, 'verbose': True, 'strict': True, 'check_finite': True, 'stopping_threshold': None, 'divergence_threshold': None, 'check_on_train_epoch_end': None, 'log_rank_zero_only': False}, 'ipl_epoch_stopper_callback_params': {'enable_stop': True, 'stop_every_n_epochs': 1}, 'create_preemption_callback': True, 'files_to_copy': None, 'log_step_timing': True, 'log_delta_step_timing': False, 'step_timing_kwargs': {'reduction': 'mean', 'sync_cuda': False, 'buffer_size': 1}, 'log_local_rank_0_only': False, 'log_global_rank_0_only': False, 'disable_validation_on_resume': True, 'ema': {'enable': False, 'decay': 0.999, 'cpu_offload': False, 'validate_original_weights': False, 'every_n_steps': 1}, 'max_time_per_run': None, 'seconds_to_sleep': 5.0, 'create_straggler_detection_callback': False, 'straggler_detection_params': {'report_time_interval': 300.0, 'calc_relative_gpu_perf': True, 'calc_individual_gpu_perf': True, 'num_gpu_perf_scores_to_log': 5, 'gpu_relative_perf_threshold': 0.7, 'gpu_individual_perf_threshold': 0.7, 'stop_if_detected': False}, 'create_fault_tolerance_callback': False, 'fault_tolerance': {'workload_check_interval': 5.0, 'initial_rank_heartbeat_timeout': 3600.0, 'rank_heartbeat_timeout': 2700.0, 'calculate_timeouts': True, 'safety_factor': 5.0, 'rank_termination_signal': <Signals.SIGKILL: 9>, 'log_level': 'INFO', 'max_rank_restarts': 0, 'max_subsequent_job_failures': 0, 'additional_ft_launcher_args': '', 'simulated_fault': None}, 'log_tflops_per_sec_per_gpu': True}
[NeMo I 2026-03-28 20:19:37 finetune:175] Experiments will be logged at /home/chandan/ASRPhonetic/models/phonetic_finetune_nemo/ASR-Adapter/2026-03-28_20-19-37
[NeMo I 2026-03-28 20:19:37 exp_manager:689] TensorboardLogger has been set up
[NeMo I 2026-03-28 20:19:37 finetune:175] TFLOPs per sec per GPU will be calculated, conditioned on supported models. Defaults to -1 upon failure.
2026-03-28 20:19:37,508 | INFO | Experiment directory: /home/chandan/ASRPhonetic/models/phonetic_finetune_nemo/ASR-Adapter/2026-03-28_20-19-37
2026-03-28 20:19:37,508 | INFO | Loading pretrained model...
[NeMo I 2026-03-28 20:19:49 mixins:69] Tokenizer SentencePieceTokenizer initialized with 1024 tokens
[NeMo W 2026-03-28 20:19:50 rnnt_models:63] If you intend to do training or fine-tuning, please call the ModelPT.setup_training_data() method and provide a valid configuration file to setup the train data loader.
    Train config : 
    use_lhotse: true
    skip_missing_manifest_entries: true
    input_cfg: null
    tarred_audio_filepaths: null
    manifest_filepath: null
    sample_rate: 16000
    shuffle: true
    num_workers: 2
    pin_memory: true
    max_duration: 40.0
    min_duration: 0.1
    text_field: answer
    batch_duration: null
    use_bucketing: true
    bucket_duration_bins: null
    bucket_batch_size: null
    num_buckets: 30
    bucket_buffer_size: 20000
    shuffle_buffer_size: 10000
    
[NeMo W 2026-03-28 20:19:50 rnnt_models:63] If you intend to do validation, please call the ModelPT.setup_validation_data() or ModelPT.setup_multiple_validation_data() method and provide a valid configuration file to setup the validation data loader(s). 
    Validation config : 
    use_lhotse: true
    manifest_filepath: null
    sample_rate: 16000
    batch_size: 16
    shuffle: false
    max_duration: 40.0
    min_duration: 0.1
    num_workers: 2
    pin_memory: true
    text_field: answer
    
[NeMo I 2026-03-28 20:19:55 rnnt_models:83] Using RNNT Loss : tdt
    Loss tdt_kwargs: {'fastemit_lambda': 0.0, 'clamp': -1.0, 'durations': [0, 1, 2, 3, 4], 'sigma': 0.02, 'omega': 0.1}
[NeMo I 2026-03-28 20:19:55 rnnt_models:231] Using RNNT Loss : tdt
    Loss tdt_kwargs: {'fastemit_lambda': 0.0, 'clamp': -1.0, 'durations': [0, 1, 2, 3, 4], 'sigma': 0.02, 'omega': 0.1}
[NeMo W 2026-03-28 20:19:55 tdt_label_looping:289] No conditional node support for Cuda.
    Cuda graphs with while loops are disabled, decoding speed will be slower
    Reason: Driver supports cuda toolkit version 12.4, but the driver needs to support at least 12,6. Please update your cuda driver.
[NeMo I 2026-03-28 20:19:55 rnnt_models:231] Using RNNT Loss : tdt
    Loss tdt_kwargs: {'fastemit_lambda': 0.0, 'clamp': -1.0, 'durations': [0, 1, 2, 3, 4], 'sigma': 0.02, 'omega': 0.1}
[NeMo W 2026-03-28 20:19:55 tdt_label_looping:289] No conditional node support for Cuda.
    Cuda graphs with while loops are disabled, decoding speed will be slower
    Reason: Driver supports cuda toolkit version 12.4, but the driver needs to support at least 12,6. Please update your cuda driver.
